<?xml version="1.0" encoding="UTF-8"?>
<testng-results ignored="0" total="1" passed="1" failed="0" skipped="0">
  <reporter-output>
  </reporter-output>
  <suite started-at="2022-12-15T17:26:14 IST" name="Default suite" finished-at="2022-12-15T17:27:18 IST" duration-ms="64571">
    <groups>
    </groups>
    <test started-at="2022-12-15T17:26:14 IST" name="Default test" finished-at="2022-12-15T17:27:18 IST" duration-ms="64571">
      <class name="com.Meydan.MainPage.CompanyCreate_MainPage">
        <test-method signature="firstCompany()[pri:0, instance:com.Meydan.MainPage.CompanyCreate_MainPage@7144655b]" started-at="2022-12-15T17:26:14 IST" name="firstCompany" finished-at="2022-12-15T17:27:18 IST" duration-ms="64504" status="PASS">
          <reporter-output>
          </reporter-output>
        </test-method> <!-- firstCompany -->
      </class> <!-- com.Meydan.MainPage.CompanyCreate_MainPage -->
    </test> <!-- Default test -->
  </suite> <!-- Default suite -->
</testng-results>
